1/5 Ошибка получения https://rutor.info/torrent/1084659/among-us-v-17.4-si-2018-pc-repack-ot-canek77, 404
2/5 Ошибка получения https://rutor.info/torrent/1084659/among-us-v-17.4-si-2018-pc-repack-ot-canek77, 404
3/5 Ошибка получения https://rutor.info/torrent/1084659/among-us-v-17.4-si-2018-pc-repack-ot-canek77, 404
4/5 Ошибка получения https://rutor.info/torrent/1084659/among-us-v-17.4-si-2018-pc-repack-ot-canek77, 404
5/5 Ошибка получения https://rutor.info/torrent/1084659/among-us-v-17.4-si-2018-pc-repack-ot-canek77, 404
4/5 Не удалось получить https://rutor.info/torrent/1084659/among-us-v-17.4-si-2018-pc-repack-ot-canek77
1/5 Ошибка получения https://rutor.info/torrent/980999/rauniot-2024-pc-repack-ot-fitgirl, 404
2/5 Ошибка получения https://rutor.info/torrent/980999/rauniot-2024-pc-repack-ot-fitgirl, 404
3/5 Ошибка получения https://rutor.info/torrent/980999/rauniot-2024-pc-repack-ot-fitgirl, 404
4/5 Ошибка получения https://rutor.info/torrent/980999/rauniot-2024-pc-repack-ot-fitgirl, 404
5/5 Ошибка получения https://rutor.info/torrent/980999/rauniot-2024-pc-repack-ot-fitgirl, 404
4/5 Не удалось получить https://rutor.info/torrent/980999/rauniot-2024-pc-repack-ot-fitgirl
1/5 Ошибка получения https://rutor.info/torrent/939245/dreamfall-chapters-the-final-cut-v-5.7.8-2017-pc-repack-ot-yaroslav98, 404
Страница 42 - Magnet не найден для https://rutor.info/torrent/963841/software-inc-v-1.7.27-early-access-2015-pc-repack-ot-pioneer
2/5 Ошибка получения https://rutor.info/torrent/939245/dreamfall-chapters-the-final-cut-v-5.7.8-2017-pc-repack-ot-yaroslav98, 404
3/5 Ошибка получения https://rutor.info/torrent/939245/dreamfall-chapters-the-final-cut-v-5.7.8-2017-pc-repack-ot-yaroslav98, 404
4/5 Ошибка получения https://rutor.info/torrent/939245/dreamfall-chapters-the-final-cut-v-5.7.8-2017-pc-repack-ot-yaroslav98, 404
5/5 Ошибка получения https://rutor.info/torrent/939245/dreamfall-chapters-the-final-cut-v-5.7.8-2017-pc-repack-ot-yaroslav98, 404
4/5 Не удалось получить https://rutor.info/torrent/939245/dreamfall-chapters-the-final-cut-v-5.7.8-2017-pc-repack-ot-yaroslav98
1/5 Ошибка получения https://rutor.info/torrent/779602/torchlight-iii_torchlight-3-build-6056074-dlcs-2020-pc-repack-ot-xatab, 404
2/5 Ошибка получения https://rutor.info/torrent/779602/torchlight-iii_torchlight-3-build-6056074-dlcs-2020-pc-repack-ot-xatab, 404
3/5 Ошибка получения https://rutor.info/torrent/779602/torchlight-iii_torchlight-3-build-6056074-dlcs-2020-pc-repack-ot-xatab, 404
4/5 Ошибка получения https://rutor.info/torrent/779602/torchlight-iii_torchlight-3-build-6056074-dlcs-2020-pc-repack-ot-xatab, 404
5/5 Ошибка получения https://rutor.info/torrent/779602/torchlight-iii_torchlight-3-build-6056074-dlcs-2020-pc-repack-ot-xatab, 404
4/5 Не удалось получить https://rutor.info/torrent/779602/torchlight-iii_torchlight-3-build-6056074-dlcs-2020-pc-repack-ot-xatab
Страница 105 - Magnet не найден для https://rutor.info/torrent/669636/just-cause-4-gold-edition-2018-pc-repack-ot-decepticon
1/5 Ошибка получения https://rutor.info/torrent/592302/south-park-the-fractured-but-whole-gold-edition-2017-pc-repack-ot-r.g-mehaniki, 404
2/5 Ошибка получения https://rutor.info/torrent/592302/south-park-the-fractured-but-whole-gold-edition-2017-pc-repack-ot-r.g-mehaniki, 404
3/5 Ошибка получения https://rutor.info/torrent/592302/south-park-the-fractured-but-whole-gold-edition-2017-pc-repack-ot-r.g-mehaniki, 404
4/5 Ошибка получения https://rutor.info/torrent/592302/south-park-the-fractured-but-whole-gold-edition-2017-pc-repack-ot-r.g-mehaniki, 404
5/5 Ошибка получения https://rutor.info/torrent/592302/south-park-the-fractured-but-whole-gold-edition-2017-pc-repack-ot-r.g-mehaniki, 404
4/5 Не удалось получить https://rutor.info/torrent/592302/south-park-the-fractured-but-whole-gold-edition-2017-pc-repack-ot-r.g-mehaniki
1/5 Ошибка получения https://rutor.info/torrent/548933/dalnobojwiki-2-2001-pc, 404
2/5 Ошибка получения https://rutor.info/torrent/548933/dalnobojwiki-2-2001-pc, 404
3/5 Ошибка получения https://rutor.info/torrent/548933/dalnobojwiki-2-2001-pc, 404
4/5 Ошибка получения https://rutor.info/torrent/548933/dalnobojwiki-2-2001-pc, 404
5/5 Ошибка получения https://rutor.info/torrent/548933/dalnobojwiki-2-2001-pc, 404
4/5 Не удалось получить https://rutor.info/torrent/548933/dalnobojwiki-2-2001-pc
1/5 Ошибка получения https://rutor.info/torrent/523139/aliens-vs-predator-2-primal-hunt-v.1.0.9.6-2001-pc-repack-ot-juk.v.muravenike, 404
2/5 Ошибка получения https://rutor.info/torrent/523139/aliens-vs-predator-2-primal-hunt-v.1.0.9.6-2001-pc-repack-ot-juk.v.muravenike, 404
3/5 Ошибка получения https://rutor.info/torrent/523139/aliens-vs-predator-2-primal-hunt-v.1.0.9.6-2001-pc-repack-ot-juk.v.muravenike, 404
4/5 Ошибка получения https://rutor.info/torrent/523139/aliens-vs-predator-2-primal-hunt-v.1.0.9.6-2001-pc-repack-ot-juk.v.muravenike, 404
5/5 Ошибка получения https://rutor.info/torrent/523139/aliens-vs-predator-2-primal-hunt-v.1.0.9.6-2001-pc-repack-ot-juk.v.muravenike, 404
4/5 Не удалось получить https://rutor.info/torrent/523139/aliens-vs-predator-2-primal-hunt-v.1.0.9.6-2001-pc-repack-ot-juk.v.muravenike
Страница 168 - Размер не найден для Приключения на планете чисел 2 (2012) PC, 12-07-2014 18:06:02, https://rutor.info/torrent/366687/prikljuchenija-na-planete-chisel-2-2012-pc
Страница 197 - Размер не найден для Galaxy on Fire 2 HD [v1.1.4] (2011) iPhone, iPod, iPad, 19-12-2012 11:29:14, https://rutor.info/torrent/242081/galaxy-on-fire-2-hd-v1.1.4-2011-iphone-ipod-ipad
Страница 215 - Размер не найден для За стеной 1 (2002) PC, 11-05-2012 10:51:55, https://rutor.info/torrent/194236/za-stenoj-1-2002-pc
Страница 219 - Magnet не найден для https://rutor.info/torrent/188566/spy-hunter-nekuda-bezhat-2006-ps2
1/5 Ошибка получения https://rutor.info/torrent/162714/bratva-i-kolco-2006-pc, 404
1/5 Ошибка получения https://rutor.info/torrent/160976/tajny-shaolinja-2-mest-terrakotovym-voinam_shaolin-mystery-revenge-of-the-terracotta-warriors-2011-pc, 404
2/5 Ошибка получения https://rutor.info/torrent/162714/bratva-i-kolco-2006-pc, 404
2/5 Ошибка получения https://rutor.info/torrent/160976/tajny-shaolinja-2-mest-terrakotovym-voinam_shaolin-mystery-revenge-of-the-terracotta-warriors-2011-pc, 404
Страница 239 - Размер не найден для Need for Speed: Most Wanted - Modify (2005-2010) PC | RePack, 17-10-2011 12:05:49, https://rutor.info/torrent/146323/need-for-speed-most-wanted-modify-2005-2010-pc-repack
3/5 Ошибка получения https://rutor.info/torrent/162714/bratva-i-kolco-2006-pc, 404
3/5 Ошибка получения https://rutor.info/torrent/160976/tajny-shaolinja-2-mest-terrakotovym-voinam_shaolin-mystery-revenge-of-the-terracotta-warriors-2011-pc, 404
4/5 Ошибка получения https://rutor.info/torrent/162714/bratva-i-kolco-2006-pc, 404
4/5 Ошибка получения https://rutor.info/torrent/160976/tajny-shaolinja-2-mest-terrakotovym-voinam_shaolin-mystery-revenge-of-the-terracotta-warriors-2011-pc, 404
5/5 Ошибка получения https://rutor.info/torrent/162714/bratva-i-kolco-2006-pc, 404
5/5 Ошибка получения https://rutor.info/torrent/160976/tajny-shaolinja-2-mest-terrakotovym-voinam_shaolin-mystery-revenge-of-the-terracotta-warriors-2011-pc, 404
4/5 Не удалось получить https://rutor.info/torrent/162714/bratva-i-kolco-2006-pc
4/5 Не удалось получить https://rutor.info/torrent/160976/tajny-shaolinja-2-mest-terrakotovym-voinam_shaolin-mystery-revenge-of-the-terracotta-warriors-2011-pc
1/5 Ошибка получения https://rutor.info/torrent/141278/sajmon-volshebnik-zakoldovannyj-mir_simon-the-sorcerer-4-chaos-happens-2008-pc-repack-by-mop030b-ot-zlofenix, 404
Страница 243 - Размер не найден для Банды Нью-Йорка / Crime Scene: Manhattan (2004) PC, 05-09-2011 16:58:33, https://rutor.info/torrent/137223/bandy-nju-jorka_crime-scene-manhattan-2004-pc
2/5 Ошибка получения https://rutor.info/torrent/141278/sajmon-volshebnik-zakoldovannyj-mir_simon-the-sorcerer-4-chaos-happens-2008-pc-repack-by-mop030b-ot-zlofenix, 404
3/5 Ошибка получения https://rutor.info/torrent/141278/sajmon-volshebnik-zakoldovannyj-mir_simon-the-sorcerer-4-chaos-happens-2008-pc-repack-by-mop030b-ot-zlofenix, 404
4/5 Ошибка получения https://rutor.info/torrent/141278/sajmon-volshebnik-zakoldovannyj-mir_simon-the-sorcerer-4-chaos-happens-2008-pc-repack-by-mop030b-ot-zlofenix, 404
5/5 Ошибка получения https://rutor.info/torrent/141278/sajmon-volshebnik-zakoldovannyj-mir_simon-the-sorcerer-4-chaos-happens-2008-pc-repack-by-mop030b-ot-zlofenix, 404
4/5 Не удалось получить https://rutor.info/torrent/141278/sajmon-volshebnik-zakoldovannyj-mir_simon-the-sorcerer-4-chaos-happens-2008-pc-repack-by-mop030b-ot-zlofenix
Страница 267 - Размер не найден для Fallout 3: Game of the Year Edition (2009) PC, 10-09-2010 4:29:57, https://rutor.info/torrent/64888/fallout-3-game-of-the-year-edition-2009-pc
Страница 266 - Размер не найден для FIFA 11 (2010) PC, 28-09-2010 16:33:26, https://rutor.info/torrent/68568/fifa-11-2010-pc
Страница 268 - Размер не найден для Heavy Rain  (2010) PS3, 05-09-2010 20:27:26, https://rutor.info/torrent/64064/heavy-rain-2010-ps3
Страница 268 - Размер не найден для Torchlight (2010) PC, 26-08-2010 13:26:52, https://rutor.info/torrent/62168/torchlight-2010-pc
Страница 279 - Размер не найден для Defense Grid: The Awakening (2009) PC | RePack, 17-01-2010 10:13:28, https://rutor.info/torrent/33113/defense-grid-the-awakening-2009-pc-repack
Страница 278 - Размер не найден для АЛЬФА: Антитеррор. Золотая коллекция (2006) PC, 15-02-2010 11:46:54, https://rutor.info/torrent/36106/alfa-antiterror-zolotaja-kollekcija-2006-pc
Страница 272 - Размер не найден для Mass Effect 2: Overlord (DLC) (2010) PC, 16-06-2010 1:16:37, https://rutor.info/torrent/51710/mass-effect-2-overlord-dlc-2010-pc
Страница 283 - Размер не найден для Собираем грузовик на раз-два-три (2008) PC, 08-05-2009 15:25:44, https://rutor.info/torrent/16175/sobiraem-gruzovik-na-raz-dva-tri-2008-pc
Страница 280 - Размер не найден для Command & Conquer 3: Tiberium Wars (2007) PC, 23-11-2009 18:42:32, https://rutor.info/torrent/27974/command-conquer-3-tiberium-wars-2007-pc
Страница 280 - Размер не найден для Starcraft + Starcraft: Brood War (1998) PC, 21-11-2009 15:55:41, https://rutor.info/torrent/27790/starcraft-starcraft-brood-war-1998-pc
Страница 281 - Размер не найден для Time Shift (2007) PC | Rip, 24-10-2009 18:16:09, https://rutor.info/torrent/25362/time-shift-2007-pc-rip
Страница 281 - Размер не найден для Operation Flashpoint 2: Dragon Rising (2009) PC l Rip от Diablock, 09-10-2009 8:47:32, https://rutor.info/torrent/24146/operation-flashpoint-2-dragon-rising-2009-pc-l-rip-ot-diablock
